<?xml version="1.0" encoding="UTF-8"?>
<!-- Generated by org.testng.reporters.JUnitXMLReporter -->
<testsuite ignored="1" hostname="Salils-MacBook-Pro.local" failures="2" tests="3" name="Login" time="78.68" errors="0" timestamp="2022-11-21T11:42:52 IST">
  <testcase classname="org.ac.android.Login" name="Android_Login_Tc1_Valid_Login_With_MailAndPhone" time="45.174"/>
  <testcase classname="org.ac.android.Login" name="Android_Login_Tc1_Valid_Login_With_MailAndPhone" time="24.253">
    <failure type="org.openqa.selenium.NoSuchElementException" message="An element could not be located on the page using the given search parameters.
For documentation on this error, please visit: https://selenium.dev/exceptions/#no_such_element
Build info: version: &amp;apos;4.6.0&amp;apos;, revision: &amp;apos;79f1c02ae20&amp;apos;
System info: os.name: &amp;apos;Mac OS X&amp;apos;, os.arch: &amp;apos;aarch64&amp;apos;, os.version: &amp;apos;12.6&amp;apos;, java.version: &amp;apos;11.0.16.1&amp;apos;
Driver info: io.appium.java_client.android.AndroidDriver
Command: [da045751-2161-4449-9b05-7d03e74000de, findElement {using=-android uiautomator, value=new UiScrollable(new UiSelector().scrollable(true)).scrollIntoView(new UiSelector().textContains(&amp;quot;Logout&amp;quot;))}]
Capabilities {appium:appActivity: com.apnacomplex.loginrevamp..., appium:appPackage: com.apnacomplex, appium:automationName: UIAutomator2, appium:databaseEnabled: false, appium:desired: {appActivity: com.apnacomplex.loginrevamp..., appPackage: com.apnacomplex, automationName: UIAutomator2, deviceName: AYBMH6PVFY55RS75, platformName: android}, appium:deviceApiLevel: 30, appium:deviceManufacturer: Xiaomi, appium:deviceModel: M2006C3LI, appium:deviceName: AYBMH6PVFY55RS75, appium:deviceScreenDensity: 320, appium:deviceScreenSize: 720x1600, appium:deviceUDID: AYBMH6PVFY55RS75, appium:javascriptEnabled: true, appium:locationContextEnabled: false, appium:networkConnectionEnabled: true, appium:pixelRatio: 2, appium:platformVersion: 11, appium:statBarHeight: 55, appium:takesScreenshot: true, appium:viewportRect: {height: 1394, left: 0, top: 55, width: 720}, appium:warnings: {}, appium:webStorageEnabled: false, platformName: ANDROID}
Session ID: da045751-2161-4449-9b05-7d03e74000de">
      <![CDATA[org.openqa.selenium.NoSuchElementException: An element could not be located on the page using the given search parameters.
For documentation on this error, please visit: https://selenium.dev/exceptions/#no_such_element
Build info: version: '4.6.0', revision: '79f1c02ae20'
System info: os.name: 'Mac OS X', os.arch: 'aarch64', os.version: '12.6', java.version: '11.0.16.1'
Driver info: io.appium.java_client.android.AndroidDriver
Command: [da045751-2161-4449-9b05-7d03e74000de, findElement {using=-android uiautomator, value=new UiScrollable(new UiSelector().scrollable(true)).scrollIntoView(new UiSelector().textContains("Logout"))}]
Capabilities {appium:appActivity: com.apnacomplex.loginrevamp..., appium:appPackage: com.apnacomplex, appium:automationName: UIAutomator2, appium:databaseEnabled: false, appium:desired: {appActivity: com.apnacomplex.loginrevamp..., appPackage: com.apnacomplex, automationName: UIAutomator2, deviceName: AYBMH6PVFY55RS75, platformName: android}, appium:deviceApiLevel: 30, appium:deviceManufacturer: Xiaomi, appium:deviceModel: M2006C3LI, appium:deviceName: AYBMH6PVFY55RS75, appium:deviceScreenDensity: 320, appium:deviceScreenSize: 720x1600, appium:deviceUDID: AYBMH6PVFY55RS75, appium:javascriptEnabled: true, appium:locationContextEnabled: false, appium:networkConnectionEnabled: true, appium:pixelRatio: 2, appium:platformVersion: 11, appium:statBarHeight: 55, appium:takesScreenshot: true, appium:viewportRect: {height: 1394, left: 0, top: 55, width: 720}, appium:warnings: {}, appium:webStorageEnabled: false, platformName: ANDROID}
Session ID: da045751-2161-4449-9b05-7d03e74000de
at org.openqa.selenium.remote.codec.w3c.W3CHttpResponseCodec.createException(W3CHttpResponseCodec.java:200)
at org.openqa.selenium.remote.codec.w3c.W3CHttpResponseCodec.decode(W3CHttpResponseCodec.java:133)
at org.openqa.selenium.remote.codec.w3c.W3CHttpResponseCodec.decode(W3CHttpResponseCodec.java:53)
at org.openqa.selenium.remote.HttpCommandExecutor.execute(HttpCommandExecutor.java:184)
at io.appium.java_client.remote.AppiumCommandExecutor.execute(AppiumCommandExecutor.java:180)
at org.openqa.selenium.remote.RemoteWebDriver.execute(RemoteWebDriver.java:541)
at org.openqa.selenium.remote.ElementLocation$ElementFinder$2.findElement(ElementLocation.java:162)
at org.openqa.selenium.remote.ElementLocation.findElement(ElementLocation.java:60)
at org.openqa.selenium.remote.RemoteWebDriver.findElement(RemoteWebDriver.java:365)
at org.openqa.selenium.remote.RemoteWebDriver.findElement(RemoteWebDriver.java:357)
at org.ac.utils.AndroidActions.ScrollAndClick(AndroidActions.java:23)
at org.ac.pageObject.android.AccountPage.logout(AccountPage.java:55)
at org.ac.android.Login.Android_Login_Tc1_Valid_Login_With_MailAndPhone(Login.java:23)
at java.base/java.util.ArrayList.forEach(ArrayList.java:1541)
... Removed 31 stack frames]]>
    </failure>
  </testcase> <!-- Android_Login_Tc1_Valid_Login_With_MailAndPhone -->
  <testcase classname="org.ac.android.Login" name="Android_Login_Tc1_Valid_Login_With_MailAndPhone" time="69.633">
    <failure type="java.lang.NullPointerException">
      <![CDATA[java.lang.NullPointerException
at org.ac.utils.AppiumUtils.getScreenShotPath(AppiumUtils.java:56)
at org.ac.testUtils.Listeners.onTestFailure(Listeners.java:51)
at java.base/java.util.ArrayList.forEach(ArrayList.java:1541)
... Removed 24 stack frames]]>
    </failure>
  </testcase> <!-- Android_Login_Tc1_Valid_Login_With_MailAndPhone -->
  <testcase classname="org.ac.android.Login" name="Android_Login_Tc8_LoginWithNoInternet" time="0.0">
    <ignored/>
  </testcase> <!-- Android_Login_Tc8_LoginWithNoInternet -->
</testsuite> <!-- Login -->
