<?xml version="1.0" encoding="UTF-8"?>
<testng-results ignored="2" total="3" passed="0" failed="1" skipped="0">
  <reporter-output>
  </reporter-output>
  <suite started-at="2022-11-25T13:52:23 IST" name="Default suite" finished-at="2022-11-25T13:52:54 IST" duration-ms="31107">
    <groups>
    </groups>
    <test started-at="2022-11-25T13:52:23 IST" name="Default test" finished-at="2022-11-25T13:52:54 IST" duration-ms="31107">
      <class name="org.ac.ios.IOSNoticeBoard">
        <test-method is-config="true" signature="configurAppium()[pri:0, instance:org.ac.ios.IOSNoticeBoard@13e344d]" started-at="2022-11-25T13:52:23 IST" name="configurAppium" finished-at="2022-11-25T13:52:24 IST" duration-ms="1045" status="PASS">
          <reporter-output>
          </reporter-output>
        </test-method> <!-- configurAppium -->
        <test-method signature="Android_NoticeBoard_Tc11_Edit_The_Date(java.util.HashMap)[pri:0, instance:org.ac.ios.IOSNoticeBoard@13e344d]" started-at="2022-11-25T13:52:24 IST" name="Android_NoticeBoard_Tc11_Edit_The_Date" data-provider="NoticeDetails" finished-at="2022-11-25T13:52:53 IST" duration-ms="28845" status="FAIL">
          <params>
            <param index="0">
              <value>
                <![CDATA[{visible=mem, noticeSub=|Automation Test|, pass=1234, emailMember=salil.bhatt+member@eukleiatech.com, _comment4=txt contains date time event of last edited date, emailNba=salil.bhatt+nba@eukleiatech.com, _comment1=Select any  out of D1 | D7 | D15 | D30, delete=yes, calanderYear=//android.widget.TextView[@text = "2022"], noticeExp=D1, txt=Yesterday, 11:12 am, calanderDate=//android.view.View[@content-desc="03 November 2022"], emailDelete=salil.bhatt+delete@eukleiatech.com, phone=9784405656, noticeDecline=Testing Decline notice functionality, declineComment=Sorry Admin Has Reject your Notice, reject=reject, noticeDesc=This notice was generated at - , attach=gallery, email=salil.bhatt+admin@eukleiatech.com, -comment3=Select any one  out of  ten | cmem | res | own | mem, -comment2=Select any one  out of  camera | gallery | document}]]>
              </value>
            </param>
          </params>
          <exception class="org.openqa.selenium.NoSuchElementException">
            <message>
              <![CDATA[An element could not be located on the page using the given search parameters.
For documentation on this error, please visit: https://selenium.dev/exceptions/#no_such_element
Build info: version: '4.6.0', revision: '79f1c02ae20'
System info: os.name: 'Mac OS X', os.arch: 'aarch64', os.version: '12.6', java.version: '11.0.16.1'
Driver info: io.appium.java_client.ios.IOSDriver
Command: [4837bf9c-e834-4f40-8749-e35122d1315b, findElement {using=accessibility id, value=notice_moreBtn}]
Capabilities {appium:automationName: XCuiTest, appium:databaseEnabled: false, appium:deviceName: SaliliPhone, appium:javascriptEnabled: true, appium:locationContextEnabled: false, appium:networkConnectionEnabled: false, appium:platformVersion: 16.0, appium:takesScreenshot: true, appium:udid: 00008101-00141D643EC1001E, appium:wdaLaunchTimeout: 20000, appium:webStorageEnabled: false, appium:xcodeOrgId: 6Q7P92J7P9, appium:xcodeSigningId: iPhone Developer, platformName: IOS}
Session ID: 4837bf9c-e834-4f40-8749-e35122d1315b]]>
            </message>
            <full-stacktrace>
              <![CDATA[org.openqa.selenium.NoSuchElementException: An element could not be located on the page using the given search parameters.
For documentation on this error, please visit: https://selenium.dev/exceptions/#no_such_element
Build info: version: '4.6.0', revision: '79f1c02ae20'
System info: os.name: 'Mac OS X', os.arch: 'aarch64', os.version: '12.6', java.version: '11.0.16.1'
Driver info: io.appium.java_client.ios.IOSDriver
Command: [4837bf9c-e834-4f40-8749-e35122d1315b, findElement {using=accessibility id, value=notice_moreBtn}]
Capabilities {appium:automationName: XCuiTest, appium:databaseEnabled: false, appium:deviceName: SaliliPhone, appium:javascriptEnabled: true, appium:locationContextEnabled: false, appium:networkConnectionEnabled: false, appium:platformVersion: 16.0, appium:takesScreenshot: true, appium:udid: 00008101-00141D643EC1001E, appium:wdaLaunchTimeout: 20000, appium:webStorageEnabled: false, appium:xcodeOrgId: 6Q7P92J7P9, appium:xcodeSigningId: iPhone Developer, platformName: IOS}
Session ID: 4837bf9c-e834-4f40-8749-e35122d1315b
at java.base/jdk.internal.reflect.NativeConstructorAccessorImpl.newInstance0(Native Method)
at java.base/jdk.internal.reflect.NativeConstructorAccessorImpl.newInstance(NativeConstructorAccessorImpl.java:62)
at java.base/jdk.internal.reflect.DelegatingConstructorAccessorImpl.newInstance(DelegatingConstructorAccessorImpl.java:45)
at java.base/java.lang.reflect.Constructor.newInstance(Constructor.java:490)
at org.openqa.selenium.remote.codec.w3c.W3CHttpResponseCodec.createException(W3CHttpResponseCodec.java:200)
at org.openqa.selenium.remote.codec.w3c.W3CHttpResponseCodec.decode(W3CHttpResponseCodec.java:133)
at org.openqa.selenium.remote.codec.w3c.W3CHttpResponseCodec.decode(W3CHttpResponseCodec.java:53)
at org.openqa.selenium.remote.HttpCommandExecutor.execute(HttpCommandExecutor.java:184)
at io.appium.java_client.remote.AppiumCommandExecutor.execute(AppiumCommandExecutor.java:180)
at org.openqa.selenium.remote.RemoteWebDriver.execute(RemoteWebDriver.java:541)
at org.openqa.selenium.remote.ElementLocation$ElementFinder$2.findElement(ElementLocation.java:162)
at org.openqa.selenium.remote.ElementLocation.findElement(ElementLocation.java:60)
at org.openqa.selenium.remote.RemoteWebDriver.findElement(RemoteWebDriver.java:365)
at org.openqa.selenium.remote.RemoteWebDriver.findElement(RemoteWebDriver.java:357)
at org.ac.utils.IosActions.ScrollToMoreOption(IosActions.java:33)
at org.ac.pageObject.ios.AdminPageIos.scrollToMore(AdminPageIos.java:297)
at org.ac.ios.IOSNoticeBoard.Android_NoticeBoard_Tc11_Edit_The_Date(IOSNoticeBoard.java:139)
at java.base/jdk.internal.reflect.NativeMethodAccessorImpl.invoke0(Native Method)
at java.base/jdk.internal.reflect.NativeMethodAccessorImpl.invoke(NativeMethodAccessorImpl.java:62)
at java.base/jdk.internal.reflect.DelegatingMethodAccessorImpl.invoke(DelegatingMethodAccessorImpl.java:43)
at java.base/java.lang.reflect.Method.invoke(Method.java:566)
at org.testng.internal.MethodInvocationHelper.invokeMethod(MethodInvocationHelper.java:133)
at org.testng.internal.TestInvoker.invokeMethod(TestInvoker.java:598)
at org.testng.internal.TestInvoker.invokeTestMethod(TestInvoker.java:173)
at org.testng.internal.MethodRunner.runInSequence(MethodRunner.java:46)
at org.testng.internal.TestInvoker$MethodInvocationAgent.invoke(TestInvoker.java:824)
at org.testng.internal.TestInvoker.invokeTestMethods(TestInvoker.java:146)
at org.testng.internal.TestMethodWorker.invokeTestMethods(TestMethodWorker.java:146)
at org.testng.internal.TestMethodWorker.run(TestMethodWorker.java:128)
at java.base/java.util.ArrayList.forEach(ArrayList.java:1541)
at org.testng.TestRunner.privateRun(TestRunner.java:794)
at org.testng.TestRunner.run(TestRunner.java:596)
at org.testng.SuiteRunner.runTest(SuiteRunner.java:377)
at org.testng.SuiteRunner.runSequentially(SuiteRunner.java:371)
at org.testng.SuiteRunner.privateRun(SuiteRunner.java:332)
at org.testng.SuiteRunner.run(SuiteRunner.java:276)
at org.testng.SuiteRunnerWorker.runSuite(SuiteRunnerWorker.java:53)
at org.testng.SuiteRunnerWorker.run(SuiteRunnerWorker.java:96)
at org.testng.TestNG.runSuitesSequentially(TestNG.java:1212)
at org.testng.TestNG.runSuitesLocally(TestNG.java:1134)
at org.testng.TestNG.runSuites(TestNG.java:1063)
at org.testng.TestNG.run(TestNG.java:1031)
at org.testng.remote.AbstractRemoteTestNG.run(AbstractRemoteTestNG.java:115)
at org.testng.remote.RemoteTestNG.initAndRun(RemoteTestNG.java:251)
at org.testng.remote.RemoteTestNG.main(RemoteTestNG.java:77)
]]>
            </full-stacktrace>
          </exception> <!-- org.openqa.selenium.NoSuchElementException -->
          <reporter-output>
          </reporter-output>
        </test-method> <!-- Android_NoticeBoard_Tc11_Edit_The_Date -->
        <test-method is-config="true" signature="tearDown()[pri:0, instance:org.ac.ios.IOSNoticeBoard@13e344d]" started-at="2022-11-25T13:52:53 IST" name="tearDown" finished-at="2022-11-25T13:52:54 IST" duration-ms="1082" status="PASS">
          <reporter-output>
          </reporter-output>
        </test-method> <!-- tearDown -->
      </class> <!-- org.ac.ios.IOSNoticeBoard -->
    </test> <!-- Default test -->
  </suite> <!-- Default suite -->
</testng-results>
